commit 5e75672bfbb00a75e709c293ee4441dde1812d0c
Author: Dan Suciu <suciu@ecegrid-thin1.ecn.purdue.edu>
Date:   Sat Nov 8 00:42:54 2014 -0500

    Final solution to PA09

commit cec6e7f814aa1015bec9b417e684e9a08ec8b3ce
Author: Dan Suciu <suciu@ecegrid-thin1.ecn.purdue.edu>
Date:   Tue Nov 4 11:50:35 2014 -0500

    Re-Uploading PA09

commit 841de3ae70859190329bc5eed1bdf79b2c8b7a20
Author: Dan Suciu <suciu@ecegrid-thin1.ecn.purdue.edu>
Date:   Mon Nov 3 19:13:09 2014 -0500

    Initial upload of PA09

commit 0a48309271b203bf797b1a7c5a37850529c14de4
Author: Dan Suciu <suciu@ecegrid-thin1.ecn.purdue.edu>
Date:   Sun Nov 2 23:35:01 2014 -0500

    Final solution to PA08

commit af83eeb9e42ecb7a81d26d454328518d7518706b
Author: Dan Suciu <suciu@ecegrid-thin1.ecn.purdue.edu>
Date:   Tue Oct 28 14:06:54 2014 -0400

    Uploading PA08

commit 0024413070f8e173991c9a5f593da88ffd5484d4
Author: Dan Suciu <suciu@ecegrid-thin1.ecn.purdue.edu>
Date:   Mon Oct 20 18:14:29 2014 -0400

    Creation of PA07 Assignment

commit 7a07740cf48d5a39df480960da349ae683896f3a
Author: Dan Suciu <suciu@ecegrid-thin1.ecn.purdue.edu>
Date:   Sun Oct 19 17:10:31 2014 -0400

    Fianl solution to PA06

commit 98333da77a1b6e9ed8d93588d7dda895dd1458ff
Author: Dan Suciu <suciu@ecegrid-thin1.ecn.purdue.edu>
Date:   Tue Oct 14 17:11:38 2014 -0400

    Pre-PA06 Reformatting

commit 9c542dc2c3ad3f2645a19d0d906046f7dea17369
Author: Dan Suciu <suciu@ecegrid-thin1.ecn.purdue.edu>
Date:   Tue Oct 7 16:16:30 2014 -0400

    Final Solution to PA05

commit dd670097bbb1ff51641c2c399a94b0dc7dde39d9
Author: Dan Suciu <suciu@ecegrid-thin1.ecn.purdue.edu>
Date:   Tue Oct 7 14:04:47 2014 -0400

    First draft of PA05

commit 075876a6f72deae5eb6820f3ab5efdc1ce6d0c57
Author: Dan Suciu <suciu@ecegrid-thin1.ecn.purdue.edu>
Date:   Fri Oct 3 17:33:45 2014 -0400

    final solution to PA04

commit ff355f08155785e5af52bbc48cf63c32666c8002
Author: Dan Suciu <suciu@ecegrid-thin1.ecn.purdue.edu>
Date:   Thu Oct 2 00:38:04 2014 -0400

    PA04 first draft

commit 1aa82a9050756dcecc46f03668237f0165c982bd
Author: Daniel James Suciu <suciu@ecegrid-thin1.ecn.purdue.edu>
Date:   Tue Sep 30 20:02:57 2014 -0400

    solution for PA03

commit 7f0e251cc13a171fb7f01eb5aa401c14160d3257
Author: Daniel James Suciu <suciu@ecegrid-thin1.ecn.purdue.edu>
Date:   Tue Sep 30 19:40:45 2014 -0400

    "Final solution PA03"

commit f237631225096707d5d5abe71af72e0928a69d1c
Author: Daniel James Suciu <suciu@ecegrid-thin1.ecn.purdue.edu>
Date:   Mon Sep 29 18:03:17 2014 -0400

    Initial upload of assignment files

commit 2952bc2e8fb5b76737dde637f83a1740f361ed11
Author: DSooch <suciu@purdue.edu>
Date:   Fri Sep 19 23:09:35 2014 -0400

    Initial commit
