==2995== Memcheck, a memory error detector
==2995== Copyright (C) 2002-2012, and GNU GPL'd, by Julian Seward et al.
==2995== Using Valgrind-3.8.1 and LibVEX; rerun with -h for copyright info
==2995== Command: ./pa01
==2995== Parent PID: 27775
==2995== 
--2995-- 
--2995-- Valgrind options:
--2995--    --tool=memcheck
--2995--    --leak-check=full
--2995--    --verbose
--2995--    --log-file=memcheck.log
--2995-- Contents of /proc/version:
--2995--   Linux version 2.6.32-431.23.3.el6.x86_64 (mockbuild@x86-027.build.eng.bos.redhat.com) (gcc version 4.4.7 20120313 (Red Hat 4.4.7-4) (GCC) ) #1 SMP Wed Jul 16 06:12:23 EDT 2014
--2995-- Arch and hwcaps: AMD64, amd64-sse3-cx16
--2995-- Page sizes: currently 4096, max supported 4096
--2995-- Valgrind library directory: /usr/lib64/valgrind
--2995-- Reading syms from /home/shay/a/suciu/264/hw/ECE264Assignments/Fall2014/PA01/pa01
--2995-- Reading syms from /usr/lib64/valgrind/memcheck-amd64-linux
--2995--    object doesn't have a dynamic symbol table
--2995-- Reading syms from /lib64/ld-2.12.so
--2995-- Scheduler: using generic scheduler lock implementation.
--2995-- Reading suppressions file: /usr/lib64/valgrind/default.supp
==2995== embedded gdbserver: reading from /tmp/vgdb-pipe-from-vgdb-to-2995-by-suciu-on-ecegrid-thin1.ecn.purdue.edu
==2995== embedded gdbserver: writing to   /tmp/vgdb-pipe-to-vgdb-from-2995-by-suciu-on-ecegrid-thin1.ecn.purdue.edu
==2995== embedded gdbserver: shared mem   /tmp/vgdb-pipe-shared-mem-vgdb-2995-by-suciu-on-ecegrid-thin1.ecn.purdue.edu
==2995== 
==2995== TO CONTROL THIS PROCESS USING vgdb (which you probably
==2995== don't want to do, unless you know exactly what you're doing,
==2995== or are doing some strange experiment):
==2995==   /usr/lib64/valgrind/../../bin/vgdb --pid=2995 ...command...
==2995== 
==2995== TO DEBUG THIS PROCESS USING GDB: start GDB like this
==2995==   /path/to/gdb ./pa01
==2995== and then give GDB the following command
==2995==   target remote | /usr/lib64/valgrind/../../bin/vgdb --pid=2995
==2995== --pid is optional if only one valgrind process is running
==2995== 
--2995-- REDIR: 0x3f79a17530 (strlen) redirected to 0x38049551 (vgPlain_amd64_linux_REDIR_FOR_strlen)
--2995-- Reading syms from /usr/lib64/valgrind/vgpreload_core-amd64-linux.so
--2995-- Reading syms from /usr/lib64/valgrind/vgpreload_memcheck-amd64-linux.so
--2995-- REDIR: 0x3f79a173a0 (index) redirected to 0x4a07bf0 (index)
--2995-- REDIR: 0x3f79a17420 (strcmp) redirected to 0x4a08530 (strcmp)
--2995-- Reading syms from /lib64/libc-2.12.so
--2995-- REDIR: 0x3f79e84cd0 (strcasecmp) redirected to 0x480155c (_vgnU_ifunc_wrapper)
--2995-- REDIR: 0x3f79e86f90 (strncasecmp) redirected to 0x480155c (_vgnU_ifunc_wrapper)
--2995-- REDIR: 0x3f79e82c40 (__GI_strrchr) redirected to 0x4a07a70 (__GI_strrchr)
--2995-- REDIR: 0x3f79e81160 (__GI_strlen) redirected to 0x4a07f70 (__GI_strlen)
--2995-- REDIR: 0x3f79e7b520 (free) redirected to 0x4a06369 (free)
==2995== 
==2995== HEAP SUMMARY:
==2995==     in use at exit: 0 bytes in 0 blocks
==2995==   total heap usage: 0 allocs, 0 frees, 0 bytes allocated
==2995== 
==2995== All heap blocks were freed -- no leaks are possible
==2995== 
==2995== ERROR SUMMARY: 0 errors from 0 contexts (suppressed: 6 from 6)
--2995-- 
--2995-- used_suppression:      4 U1004-ARM-_dl_relocate_object
--2995-- used_suppression:      2 glibc-2.5.x-on-SUSE-10.2-(PPC)-2a
==2995== 
==2995== ERROR SUMMARY: 0 errors from 0 contexts (suppressed: 6 from 6)
