==4266== Memcheck, a memory error detector
==4266== Copyright (C) 2002-2012, and GNU GPL'd, by Julian Seward et al.
==4266== Using Valgrind-3.8.1 and LibVEX; rerun with -h for copyright info
==4266== Command: ./pa06 sample.4.25x25
==4266== Parent PID: 3411
==4266== 
--4266-- 
--4266-- Valgrind options:
--4266--    --tool=memcheck
--4266--    --leak-check=full
--4266--    --verbose
--4266--    --log-file=memcheck.log
--4266-- Contents of /proc/version:
--4266--   Linux version 2.6.32-431.29.2.el6.x86_64 (mockbuild@x86-026.build.eng.bos.redhat.com) (gcc version 4.4.7 20120313 (Red Hat 4.4.7-4) (GCC) ) #1 SMP Sun Jul 27 15:55:46 EDT 2014
--4266-- Arch and hwcaps: AMD64, amd64-sse3-cx16
--4266-- Page sizes: currently 4096, max supported 4096
--4266-- Valgrind library directory: /usr/lib64/valgrind
--4266-- Reading syms from /home/shay/a/suciu/ECE264/Fall2014/PA06/pa06
--4266-- Reading syms from /usr/lib64/valgrind/memcheck-amd64-linux
--4266--    object doesn't have a dynamic symbol table
--4266-- Reading syms from /lib64/ld-2.12.so
--4266--   Considering /usr/lib/debug/.build-id/3b/fa45bce0e82e1d90d37a0cc8630f97f2003bf5.debug ..
--4266--   .. build-id is valid
--4266-- Scheduler: using generic scheduler lock implementation.
--4266-- Reading suppressions file: /usr/lib64/valgrind/default.supp
==4266== embedded gdbserver: reading from /tmp/vgdb-pipe-from-vgdb-to-4266-by-suciu-on-ecegrid-thin1.ecn.purdue.edu
==4266== embedded gdbserver: writing to   /tmp/vgdb-pipe-to-vgdb-from-4266-by-suciu-on-ecegrid-thin1.ecn.purdue.edu
==4266== embedded gdbserver: shared mem   /tmp/vgdb-pipe-shared-mem-vgdb-4266-by-suciu-on-ecegrid-thin1.ecn.purdue.edu
==4266== 
==4266== TO CONTROL THIS PROCESS USING vgdb (which you probably
==4266== don't want to do, unless you know exactly what you're doing,
==4266== or are doing some strange experiment):
==4266==   /usr/lib64/valgrind/../../bin/vgdb --pid=4266 ...command...
==4266== 
==4266== TO DEBUG THIS PROCESS USING GDB: start GDB like this
==4266==   /path/to/gdb ./pa06
==4266== and then give GDB the following command
==4266==   target remote | /usr/lib64/valgrind/../../bin/vgdb --pid=4266
==4266== --pid is optional if only one valgrind process is running
==4266== 
--4266-- REDIR: 0x35ff417610 (strlen) redirected to 0x38049551 (vgPlain_amd64_linux_REDIR_FOR_strlen)
--4266-- Reading syms from /usr/lib64/valgrind/vgpreload_core-amd64-linux.so
--4266-- Reading syms from /usr/lib64/valgrind/vgpreload_memcheck-amd64-linux.so
--4266-- REDIR: 0x35ff417480 (index) redirected to 0x4a07c30 (index)
--4266-- REDIR: 0x35ff417500 (strcmp) redirected to 0x4a08570 (strcmp)
--4266-- Reading syms from /lib64/libc-2.12.so
--4266--   Considering /usr/lib/debug/.build-id/73/3ad3a438b5a695f7a63a77413f9b2c8c94e8e6.debug ..
--4266--   .. build-id is valid
--4266-- REDIR: 0x35ff884cd0 (strcasecmp) redirected to 0x480155c (_vgnU_ifunc_wrapper)
--4266-- REDIR: 0x35ff886f90 (strncasecmp) redirected to 0x480155c (_vgnU_ifunc_wrapper)
--4266-- REDIR: 0x35ff882c40 (__GI_strrchr) redirected to 0x4a07ab0 (__GI_strrchr)
--4266-- REDIR: 0x35ff87a640 (malloc) redirected to 0x4a069ac (malloc)
--4266-- REDIR: 0x35ff883350 (memchr) redirected to 0x4a08610 (memchr)
--4266-- REDIR: 0x35ff889670 (memcpy) redirected to 0x4a08b60 (memcpy)
--4266-- REDIR: 0x35ff881120 (strlen) redirected to 0x480155c (_vgnU_ifunc_wrapper)
--4266-- REDIR: 0x35ff9336f0 (__strlen_sse42) redirected to 0x4a07f90 (strlen)
--4266-- REDIR: 0x35ff87b520 (free) redirected to 0x4a063a9 (free)
--4266-- REDIR: 0x35ff88aaf0 (strchrnul) redirected to 0x4a09fb0 (strchrnul)
--4266-- REDIR: 0x35ff881160 (__GI_strlen) redirected to 0x4a07fb0 (__GI_strlen)
--4266-- REDIR: 0x35ff884500 (mempcpy) redirected to 0x4a0a020 (mempcpy)
==4266== 
==4266== HEAP SUMMARY:
==4266==     in use at exit: 0 bytes in 0 blocks
==4266==   total heap usage: 27 allocs, 27 frees, 3,220 bytes allocated
==4266== 
==4266== All heap blocks were freed -- no leaks are possible
==4266== 
==4266== ERROR SUMMARY: 0 errors from 0 contexts (suppressed: 6 from 6)
--4266-- 
--4266-- used_suppression:      4 U1004-ARM-_dl_relocate_object
--4266-- used_suppression:      2 glibc-2.5.x-on-SUSE-10.2-(PPC)-2a
==4266== 
==4266== ERROR SUMMARY: 0 errors from 0 contexts (suppressed: 6 from 6)
