commit ff355f08155785e5af52bbc48cf63c32666c8002
Author: Dan Suciu <suciu@ecegrid-thin1.ecn.purdue.edu>
Date:   Thu Oct 2 00:38:04 2014 -0400

    PA04 first draft

commit 1aa82a9050756dcecc46f03668237f0165c982bd
Author: Daniel James Suciu <suciu@ecegrid-thin1.ecn.purdue.edu>
Date:   Tue Sep 30 20:02:57 2014 -0400

    solution for PA03

commit 7f0e251cc13a171fb7f01eb5aa401c14160d3257
Author: Daniel James Suciu <suciu@ecegrid-thin1.ecn.purdue.edu>
Date:   Tue Sep 30 19:40:45 2014 -0400

    "Final solution PA03"

commit f237631225096707d5d5abe71af72e0928a69d1c
Author: Daniel James Suciu <suciu@ecegrid-thin1.ecn.purdue.edu>
Date:   Mon Sep 29 18:03:17 2014 -0400

    Initial upload of assignment files

commit 2952bc2e8fb5b76737dde637f83a1740f361ed11
Author: DSooch <suciu@purdue.edu>
Date:   Fri Sep 19 23:09:35 2014 -0400

    Initial commit
