==31882== Memcheck, a memory error detector
==31882== Copyright (C) 2002-2012, and GNU GPL'd, by Julian Seward et al.
==31882== Using Valgrind-3.8.1 and LibVEX; rerun with -h for copyright info
==31882== Command: ./echo-lite The\ rain\ in\ Spain
==31882== Parent PID: 6463
==31882== 
--31882-- 
--31882-- Valgrind options:
--31882--    --tool=memcheck
--31882--    --leak-check=full
--31882--    --verbose
--31882--    --log-file=memcheck.log
--31882-- Contents of /proc/version:
--31882--   Linux version 2.6.32-431.29.2.el6.x86_64 (mockbuild@x86-026.build.eng.bos.redhat.com) (gcc version 4.4.7 20120313 (Red Hat 4.4.7-4) (GCC) ) #1 SMP Sun Jul 27 15:55:46 EDT 2014
--31882-- Arch and hwcaps: AMD64, amd64-sse3-cx16
--31882-- Page sizes: currently 4096, max supported 4096
--31882-- Valgrind library directory: /usr/lib64/valgrind
--31882-- Reading syms from /home/shay/a/suciu/ECE264/Fall2014/PA04/echo-lite
--31882-- Reading syms from /usr/lib64/valgrind/memcheck-amd64-linux
--31882--    object doesn't have a dynamic symbol table
--31882-- Reading syms from /lib64/ld-2.12.so
--31882--   Considering /usr/lib/debug/.build-id/57/bf668f99b7f5917b8d55fbb645173c9a644575.debug ..
--31882--   .. build-id is valid
--31882-- Scheduler: using generic scheduler lock implementation.
--31882-- Reading suppressions file: /usr/lib64/valgrind/default.supp
==31882== embedded gdbserver: reading from /tmp/vgdb-pipe-from-vgdb-to-31882-by-suciu-on-ecegrid-thin1.ecn.purdue.edu
==31882== embedded gdbserver: writing to   /tmp/vgdb-pipe-to-vgdb-from-31882-by-suciu-on-ecegrid-thin1.ecn.purdue.edu
==31882== embedded gdbserver: shared mem   /tmp/vgdb-pipe-shared-mem-vgdb-31882-by-suciu-on-ecegrid-thin1.ecn.purdue.edu
==31882== 
==31882== TO CONTROL THIS PROCESS USING vgdb (which you probably
==31882== don't want to do, unless you know exactly what you're doing,
==31882== or are doing some strange experiment):
==31882==   /usr/lib64/valgrind/../../bin/vgdb --pid=31882 ...command...
==31882== 
==31882== TO DEBUG THIS PROCESS USING GDB: start GDB like this
==31882==   /path/to/gdb ./echo-lite
==31882== and then give GDB the following command
==31882==   target remote | /usr/lib64/valgrind/../../bin/vgdb --pid=31882
==31882== --pid is optional if only one valgrind process is running
==31882== 
--31882-- REDIR: 0x3f79a17530 (strlen) redirected to 0x38049551 (vgPlain_amd64_linux_REDIR_FOR_strlen)
--31882-- Reading syms from /usr/lib64/valgrind/vgpreload_core-amd64-linux.so
--31882-- Reading syms from /usr/lib64/valgrind/vgpreload_memcheck-amd64-linux.so
--31882-- REDIR: 0x3f79a173a0 (index) redirected to 0x4a07bf0 (index)
--31882-- REDIR: 0x3f79a17420 (strcmp) redirected to 0x4a08530 (strcmp)
--31882-- Reading syms from /lib64/libc-2.12.so
--31882--   Considering /usr/lib/debug/.build-id/07/b5ce35eba864a01b697f5ca117e94b9248064f.debug ..
--31882--   .. build-id is valid
--31882-- REDIR: 0x3f79e84cd0 (strcasecmp) redirected to 0x480155c (_vgnU_ifunc_wrapper)
--31882-- REDIR: 0x3f79e86f90 (strncasecmp) redirected to 0x480155c (_vgnU_ifunc_wrapper)
--31882-- REDIR: 0x3f79e82c40 (__GI_strrchr) redirected to 0x4a07a70 (__GI_strrchr)
--31882-- REDIR: 0x3f79e8aaf0 (strchrnul) redirected to 0x4a09f10 (strchrnul)
--31882-- REDIR: 0x3f79e7b520 (free) redirected to 0x4a06369 (free)
==31882== 
==31882== HEAP SUMMARY:
==31882==     in use at exit: 0 bytes in 0 blocks
==31882==   total heap usage: 0 allocs, 0 frees, 0 bytes allocated
==31882== 
==31882== All heap blocks were freed -- no leaks are possible
==31882== 
==31882== ERROR SUMMARY: 0 errors from 0 contexts (suppressed: 6 from 6)
--31882-- 
--31882-- used_suppression:      4 U1004-ARM-_dl_relocate_object
--31882-- used_suppression:      2 glibc-2.5.x-on-SUSE-10.2-(PPC)-2a
==31882== 
==31882== ERROR SUMMARY: 0 errors from 0 contexts (suppressed: 6 from 6)
