==24471== Memcheck, a memory error detector
==24471== Copyright (C) 2002-2012, and GNU GPL'd, by Julian Seward et al.
==24471== Using Valgrind-3.8.1 and LibVEX; rerun with -h for copyright info
==24471== Command: ./pa02
==24471== Parent PID: 17446
==24471== 
--24471-- 
--24471-- Valgrind options:
--24471--    --tool=memcheck
--24471--    --leak-check=full
--24471--    --verbose
--24471--    --log-file=memcheck.log
--24471-- Contents of /proc/version:
--24471--   Linux version 2.6.32-431.23.3.el6.x86_64 (mockbuild@x86-027.build.eng.bos.redhat.com) (gcc version 4.4.7 20120313 (Red Hat 4.4.7-4) (GCC) ) #1 SMP Wed Jul 16 06:12:23 EDT 2014
--24471-- Arch and hwcaps: AMD64, amd64-sse3-cx16
--24471-- Page sizes: currently 4096, max supported 4096
--24471-- Valgrind library directory: /usr/lib64/valgrind
--24471-- Reading syms from /home/shay/a/suciu/264/hw/ECE264Assignments/Fall2014/PA02/pa02
--24471-- Reading syms from /usr/lib64/valgrind/memcheck-amd64-linux
--24471--    object doesn't have a dynamic symbol table
--24471-- Reading syms from /lib64/ld-2.12.so
--24471--   Considering /usr/lib/debug/.build-id/57/bf668f99b7f5917b8d55fbb645173c9a644575.debug ..
--24471--   .. build-id is valid
--24471-- Scheduler: using generic scheduler lock implementation.
--24471-- Reading suppressions file: /usr/lib64/valgrind/default.supp
==24471== embedded gdbserver: reading from /tmp/vgdb-pipe-from-vgdb-to-24471-by-suciu-on-ecegrid-thin1.ecn.purdue.edu
==24471== embedded gdbserver: writing to   /tmp/vgdb-pipe-to-vgdb-from-24471-by-suciu-on-ecegrid-thin1.ecn.purdue.edu
==24471== embedded gdbserver: shared mem   /tmp/vgdb-pipe-shared-mem-vgdb-24471-by-suciu-on-ecegrid-thin1.ecn.purdue.edu
==24471== 
==24471== TO CONTROL THIS PROCESS USING vgdb (which you probably
==24471== don't want to do, unless you know exactly what you're doing,
==24471== or are doing some strange experiment):
==24471==   /usr/lib64/valgrind/../../bin/vgdb --pid=24471 ...command...
==24471== 
==24471== TO DEBUG THIS PROCESS USING GDB: start GDB like this
==24471==   /path/to/gdb ./pa02
==24471== and then give GDB the following command
==24471==   target remote | /usr/lib64/valgrind/../../bin/vgdb --pid=24471
==24471== --pid is optional if only one valgrind process is running
==24471== 
--24471-- REDIR: 0x3f79a17530 (strlen) redirected to 0x38049551 (vgPlain_amd64_linux_REDIR_FOR_strlen)
--24471-- Reading syms from /usr/lib64/valgrind/vgpreload_core-amd64-linux.so
--24471-- Reading syms from /usr/lib64/valgrind/vgpreload_memcheck-amd64-linux.so
--24471-- REDIR: 0x3f79a173a0 (index) redirected to 0x4a07bf0 (index)
--24471-- REDIR: 0x3f79a17420 (strcmp) redirected to 0x4a08530 (strcmp)
--24471-- Reading syms from /lib64/libc-2.12.so
--24471--   Considering /usr/lib/debug/.build-id/07/b5ce35eba864a01b697f5ca117e94b9248064f.debug ..
--24471--   .. build-id is valid
--24471-- REDIR: 0x3f79e84cd0 (strcasecmp) redirected to 0x480155c (_vgnU_ifunc_wrapper)
--24471-- REDIR: 0x3f79e86f90 (strncasecmp) redirected to 0x480155c (_vgnU_ifunc_wrapper)
--24471-- REDIR: 0x3f79e82c40 (__GI_strrchr) redirected to 0x4a07a70 (__GI_strrchr)
--24471-- REDIR: 0x3f79e81160 (__GI_strlen) redirected to 0x4a07f70 (__GI_strlen)
--24471-- REDIR: 0x3f79e8aaf0 (strchrnul) redirected to 0x4a09f10 (strchrnul)
--24471-- REDIR: 0x3f79e7b520 (free) redirected to 0x4a06369 (free)
==24471== 
==24471== HEAP SUMMARY:
==24471==     in use at exit: 0 bytes in 0 blocks
==24471==   total heap usage: 0 allocs, 0 frees, 0 bytes allocated
==24471== 
==24471== All heap blocks were freed -- no leaks are possible
==24471== 
==24471== ERROR SUMMARY: 0 errors from 0 contexts (suppressed: 6 from 6)
--24471-- 
--24471-- used_suppression:      4 U1004-ARM-_dl_relocate_object
--24471-- used_suppression:      2 glibc-2.5.x-on-SUSE-10.2-(PPC)-2a
==24471== 
==24471== ERROR SUMMARY: 0 errors from 0 contexts (suppressed: 6 from 6)
