==25794== Memcheck, a memory error detector
==25794== Copyright (C) 2002-2012, and GNU GPL'd, by Julian Seward et al.
==25794== Using Valgrind-3.8.1 and LibVEX; rerun with -h for copyright info
==25794== Command: ./pa03
==25794== Parent PID: 28849
==25794== 
--25794-- 
--25794-- Valgrind options:
--25794--    --tool=memcheck
--25794--    --leak-check=full
--25794--    --verbose
--25794--    --log-file=memcheck.log
--25794-- Contents of /proc/version:
--25794--   Linux version 2.6.32-431.29.2.el6.x86_64 (mockbuild@x86-026.build.eng.bos.redhat.com) (gcc version 4.4.7 20120313 (Red Hat 4.4.7-4) (GCC) ) #1 SMP Sun Jul 27 15:55:46 EDT 2014
--25794-- Arch and hwcaps: AMD64, amd64-sse3-cx16
--25794-- Page sizes: currently 4096, max supported 4096
--25794-- Valgrind library directory: /usr/lib64/valgrind
--25794-- Reading syms from /home/shay/a/suciu/work/Fall2014/PA03/pa03
--25794-- Reading syms from /usr/lib64/valgrind/memcheck-amd64-linux
--25794--    object doesn't have a dynamic symbol table
--25794-- Reading syms from /lib64/ld-2.12.so
--25794--   Considering /usr/lib/debug/.build-id/57/bf668f99b7f5917b8d55fbb645173c9a644575.debug ..
--25794--   .. build-id is valid
--25794-- Scheduler: using generic scheduler lock implementation.
--25794-- Reading suppressions file: /usr/lib64/valgrind/default.supp
==25794== embedded gdbserver: reading from /tmp/vgdb-pipe-from-vgdb-to-25794-by-suciu-on-ecegrid-thin1.ecn.purdue.edu
==25794== embedded gdbserver: writing to   /tmp/vgdb-pipe-to-vgdb-from-25794-by-suciu-on-ecegrid-thin1.ecn.purdue.edu
==25794== embedded gdbserver: shared mem   /tmp/vgdb-pipe-shared-mem-vgdb-25794-by-suciu-on-ecegrid-thin1.ecn.purdue.edu
==25794== 
==25794== TO CONTROL THIS PROCESS USING vgdb (which you probably
==25794== don't want to do, unless you know exactly what you're doing,
==25794== or are doing some strange experiment):
==25794==   /usr/lib64/valgrind/../../bin/vgdb --pid=25794 ...command...
==25794== 
==25794== TO DEBUG THIS PROCESS USING GDB: start GDB like this
==25794==   /path/to/gdb ./pa03
==25794== and then give GDB the following command
==25794==   target remote | /usr/lib64/valgrind/../../bin/vgdb --pid=25794
==25794== --pid is optional if only one valgrind process is running
==25794== 
--25794-- REDIR: 0x3f79a17530 (strlen) redirected to 0x38049551 (vgPlain_amd64_linux_REDIR_FOR_strlen)
--25794-- Reading syms from /usr/lib64/valgrind/vgpreload_core-amd64-linux.so
--25794-- Reading syms from /usr/lib64/valgrind/vgpreload_memcheck-amd64-linux.so
--25794-- REDIR: 0x3f79a173a0 (index) redirected to 0x4a07bf0 (index)
--25794-- REDIR: 0x3f79a17420 (strcmp) redirected to 0x4a08530 (strcmp)
--25794-- Reading syms from /lib64/libc-2.12.so
--25794--   Considering /usr/lib/debug/.build-id/07/b5ce35eba864a01b697f5ca117e94b9248064f.debug ..
--25794--   .. build-id is valid
--25794-- REDIR: 0x3f79e84cd0 (strcasecmp) redirected to 0x480155c (_vgnU_ifunc_wrapper)
--25794-- REDIR: 0x3f79e86f90 (strncasecmp) redirected to 0x480155c (_vgnU_ifunc_wrapper)
--25794-- REDIR: 0x3f79e82c40 (__GI_strrchr) redirected to 0x4a07a70 (__GI_strrchr)
--25794-- REDIR: 0x3f79e7a640 (malloc) redirected to 0x4a0696c (malloc)
--25794-- REDIR: 0x3f79e81160 (__GI_strlen) redirected to 0x4a07f70 (__GI_strlen)
--25794-- REDIR: 0x3f79e89670 (memcpy) redirected to 0x4a08b20 (memcpy)
--25794-- REDIR: 0x3f79e81120 (strlen) redirected to 0x480155c (_vgnU_ifunc_wrapper)
--25794-- REDIR: 0x3f79f33560 (__strlen_sse42) redirected to 0x4a07f50 (strlen)
--25794-- REDIR: 0x3f79e7b520 (free) redirected to 0x4a06369 (free)
--25794-- REDIR: 0x3f79e7f470 (strcat) redirected to 0x4a07c20 (strcat)
--25794-- REDIR: 0x3f79e80b70 (strcpy) redirected to 0x480155c (_vgnU_ifunc_wrapper)
--25794-- REDIR: 0x3f79f34000 (???) redirected to 0x4a07f90 (strcpy)
==25794== 
==25794== HEAP SUMMARY:
==25794==     in use at exit: 91 bytes in 8 blocks
==25794==   total heap usage: 11 allocs, 3 frees, 116 bytes allocated
==25794== 
==25794== Searching for pointers to 8 not-freed blocks
==25794== Checked 64,840 bytes
==25794== 
==25794== 31 bytes in 1 blocks are definitely lost in loss record 7 of 8
==25794==    at 0x4A069EE: malloc (vg_replace_malloc.c:270)
==25794==    by 0x400869: strcat_ex (answer03.c:20)
==25794==    by 0x400977: implode (answer03.c:55)
==25794==    by 0x400782: main (test.c:18)
==25794== 
==25794== 60 (48 direct, 12 indirect) bytes in 1 blocks are definitely lost in loss record 8 of 8
==25794==    at 0x4A069EE: malloc (vg_replace_malloc.c:270)
==25794==    by 0x4006E4: main (test.c:10)
==25794== 
==25794== LEAK SUMMARY:
==25794==    definitely lost: 79 bytes in 2 blocks
==25794==    indirectly lost: 12 bytes in 6 blocks
==25794==      possibly lost: 0 bytes in 0 blocks
==25794==    still reachable: 0 bytes in 0 blocks
==25794==         suppressed: 0 bytes in 0 blocks
==25794== 
==25794== ERROR SUMMARY: 2 errors from 2 contexts (suppressed: 6 from 6)
--25794-- 
--25794-- used_suppression:      4 U1004-ARM-_dl_relocate_object
--25794-- used_suppression:      2 glibc-2.5.x-on-SUSE-10.2-(PPC)-2a
==25794== 
==25794== ERROR SUMMARY: 2 errors from 2 contexts (suppressed: 6 from 6)
